Step 0 : FROM ubuntu:14.10
 ---> cfaba6b5fefe
Step 1 : MAINTAINER thomas.herlea@owasp.org
 ---> Using cache
 ---> ed762f16946f
Step 2 : EXPOSE 22 80 443
 ---> Using cache
 ---> 7d3ba8d30bba
Step 3 : RUN apt-get update && apt-get install -y   apache2   nano   openssh-server   supervisor   vim
 ---> Using cache
 ---> 174a263f456d
Step 4 : RUN mkdir -p   /var/lock/apache2   /var/run/apache2   /var/run/sshd   /var/log/supervisor
 ---> Using cache
 ---> 93b71d5b6f01
Step 5 : COPY supervisord.conf /etc/supervisor/conf.d/supervisord.conf
 ---> f8b74c3465bc
Removing intermediate container 0f4cf1507010
Step 6 : RUN adduser --gecos 'Student of "Using TLS"' --disabled-login student && adduser student sudo
 ---> Running in 819b74565619
Adding user `student' ...
Adding new group `student' (1000) ...
Adding new user `student' (1000) with group `student' ...
Creating home directory `/home/student' ...
Copying files from `/etc/skel' ...
Adding user `student' to group `sudo' ...
Adding user student to group sudo
Done.
 ---> d2b0ef44482c
Removing intermediate container 819b74565619
Step 7 : CMD ["/usr/bin/supervisord", "-c", "/etc/supervisor/supervisord.conf"]
 ---> Running in 7b36fcbac087
 ---> 093837de40f2
Removing intermediate container 7b36fcbac087
Successfully built 093837de40f2
