$ docker build --tag="secappdev/usingtls:v5" .
Sending build context to Docker daemon 82.94 kB
Sending build context to Docker daemon
Step 0 : FROM ubuntu:14.10
 ---> cfaba6b5fefe
Step 1 : MAINTAINER thomas.herlea@owasp.org
 ---> Using cache
 ---> ed762f16946f
Step 2 : EXPOSE 22 80 443
 ---> Using cache
 ---> 7d3ba8d30bba
Step 3 : RUN apt-get update && apt-get install -y   apache2   nano   openssh-server   supervisor   vim
 ---> Using cache
 ---> 174a263f456d
Step 4 : RUN mkdir -p   /var/lock/apache2   /var/run/apache2   /var/run/sshd   /var/log/supervisor
 ---> Using cache
 ---> 93b71d5b6f01
Step 5 : COPY supervisord.conf /etc/supervisor/conf.d/supervisord.conf
 ---> Using cache
 ---> f727959c4579
Step 6 : RUN adduser --gecos 'Student of "Using TLS"' --disabled-login student && adduser student sudo
 ---> Running in 1a3269baea20
Adding user `student' ...
Adding new group `student' (1000) ...
Adding new user `student' (1000) with group `student' ...
Creating home directory `/home/student' ...
Copying files from `/etc/skel' ...
Adding user `student' to group `sudo' ...
Adding user student to group sudo
Done.
 ---> 5d7547ef049d
Removing intermediate container 1a3269baea20
Step 7 : CMD ["/usr/bin/supervisord", "-c", "/etc/supervisor/supervisord.conf"]
 ---> Running in e93bae18aef2
 ---> 68a4b2686870
Removing intermediate container e93bae18aef2
Successfully built 68a4b2686870
$
