Step 0 : FROM ubuntu:14.10
 ---> cfaba6b5fefe
Step 1 : MAINTAINER thomas.herlea@owasp.org
 ---> Using cache
 ---> ed762f16946f
Step 2 : EXPOSE 22 80 443
 ---> Using cache
 ---> 7d3ba8d30bba
Step 3 : RUN apt-get update && apt-get install -y   apache2   libapache2-mod-php5   nano   openssh-server   supervisor   vim
 ---> Running in 13068862d7ee
Ign http://archive.ubuntu.com utopic InRelease
Ign http://archive.ubuntu.com utopic-updates InRelease
Ign http://archive.ubuntu.com utopic-security InRelease
Hit http://archive.ubuntu.com utopic Release.gpg
Get:1 http://archive.ubuntu.com utopic-updates Release.gpg [933 B]
Get:2 http://archive.ubuntu.com utopic-security Release.gpg [933 B]
Hit http://archive.ubuntu.com utopic Release
Get:3 http://archive.ubuntu.com utopic-updates Release [62.0 kB]
Get:4 http://archive.ubuntu.com utopic-security Release [62.0 kB]
Get:5 http://archive.ubuntu.com utopic/main Sources [1315 kB]
Get:6 http://archive.ubuntu.com utopic/restricted Sources [4958 B]
Get:7 http://archive.ubuntu.com utopic/universe Sources [8345 kB]
Get:8 http://archive.ubuntu.com utopic/main amd64 Packages [1731 kB]
Get:9 http://archive.ubuntu.com utopic/restricted amd64 Packages [18.4 kB]
Get:10 http://archive.ubuntu.com utopic/universe amd64 Packages [8000 kB]
Get:11 http://archive.ubuntu.com utopic-updates/main Sources [90.4 kB]
Get:12 http://archive.ubuntu.com utopic-updates/restricted Sources [1906 B]
Get:13 http://archive.ubuntu.com utopic-updates/universe Sources [19.4 kB]
Get:14 http://archive.ubuntu.com utopic-updates/main amd64 Packages [243 kB]
Get:15 http://archive.ubuntu.com utopic-updates/restricted amd64 Packages [14.1 kB]
Get:16 http://archive.ubuntu.com utopic-updates/universe amd64 Packages [96.8 kB]
Get:17 http://archive.ubuntu.com utopic-security/main Sources [48.9 kB]
Get:18 http://archive.ubuntu.com utopic-security/restricted Sources [1906 B]
Get:19 http://archive.ubuntu.com utopic-security/universe Sources [8228 B]
Get:20 http://archive.ubuntu.com utopic-security/main amd64 Packages [156 kB]
Get:21 http://archive.ubuntu.com utopic-security/restricted amd64 Packages [14.1 kB]
Get:22 http://archive.ubuntu.com utopic-security/universe amd64 Packages [64.7 kB]
Fetched 20.3 MB in 21s (961 kB/s)
Reading package lists...
Reading package lists...
Building dependency tree...
Reading state information...
The following extra packages will be installed:
  apache2-bin apache2-data ca-certificates krb5-locales libapr1 libaprutil1
  libaprutil1-dbd-sqlite3 libaprutil1-ldap libasn1-8-heimdal libck-connector0
  libedit2 libgcrypt20 libgpm2 libgssapi-krb5-2 libgssapi3-heimdal
  libhcrypto4-heimdal libheimbase1-heimdal libheimntlm0-heimdal
  libhx509-5-heimdal libidn11 libk5crypto3 libkeyutils1 libkrb5-26-heimdal
  libkrb5-3 libkrb5support0 libldap-2.4-2 liblua5.1-0 libpython-stdlib
  libpython2.7 libpython2.7-minimal libpython2.7-stdlib libroken18-heimdal
  libsasl2-2 libsasl2-modules libsasl2-modules-db libwind0-heimdal libwrap0
  libx11-6 libx11-data libxau6 libxcb1 libxdmcp6 libxext6 libxml2 libxmuu1
  lsof ncurses-term openssh-client openssh-sftp-server openssl php5-cli
  php5-common php5-json php5-readline psmisc python python-chardet
  python-meld3 python-minimal python-pkg-resources python-requests python-six
  python-urllib3 python2.7 python2.7-minimal sgml-base ssh-import-id ssl-cert
  tcpd vim-runtime wget xauth xml-core
Suggested packages:
  www-browser apache2-doc apache2-suexec-pristine apache2-suexec-custom ufw
  apache2-utils php-pear rng-tools gpm krb5-doc krb5-user libsasl2-modules-otp
  libsasl2-modules-ldap libsasl2-modules-sql libsasl2-modules-gssapi-mit
  libsasl2-modules-gssapi-heimdal spell ssh-askpass libpam-ssh keychain
  monkeysphere rssh molly-guard php5-user-cache python-doc python-tk
  python-distribute python-distribute-doc python2.7-doc binutils
  binfmt-support sgml-base-doc openssl-blacklist ctags vim-doc vim-scripts
  debhelper
The following NEW packages will be installed:
  apache2 apache2-bin apache2-data ca-certificates krb5-locales
  libapache2-mod-php5 libapr1 libaprutil1 libaprutil1-dbd-sqlite3
  libaprutil1-ldap libasn1-8-heimdal libck-connector0 libedit2 libgcrypt20
  libgpm2 libgssapi-krb5-2 libgssapi3-heimdal libhcrypto4-heimdal
  libheimbase1-heimdal libheimntlm0-heimdal libhx509-5-heimdal libidn11
  libk5crypto3 libkeyutils1 libkrb5-26-heimdal libkrb5-3 libkrb5support0
  libldap-2.4-2 liblua5.1-0 libpython-stdlib libpython2.7 libpython2.7-minimal
  libpython2.7-stdlib libroken18-heimdal libsasl2-2 libsasl2-modules
  libsasl2-modules-db libwind0-heimdal libwrap0 libx11-6 libx11-data libxau6
  libxcb1 libxdmcp6 libxext6 libxml2 libxmuu1 lsof nano ncurses-term
  openssh-client openssh-server openssh-sftp-server openssl php5-cli
  php5-common php5-json php5-readline psmisc python python-chardet
  python-meld3 python-minimal python-pkg-resources python-requests python-six
  python-urllib3 python2.7 python2.7-minimal sgml-base ssh-import-id ssl-cert
  supervisor tcpd vim vim-runtime wget xauth xml-core
0 upgraded, 79 newly installed, 0 to remove and 11 not upgraded.
Need to get 24.1 MB of archives.
After this operation, 105 MB of additional disk space will be used.
Get:1 http://archive.ubuntu.com/ubuntu/ utopic/main libroken18-heimdal amd64 1.6~rc2+dfsg-8 [40.3 kB]
Get:2 http://archive.ubuntu.com/ubuntu/ utopic/main libasn1-8-heimdal amd64 1.6~rc2+dfsg-8 [162 kB]
Get:3 http://archive.ubuntu.com/ubuntu/ utopic/main libedit2 amd64 3.1-20140620-1 [73.9 kB]
Get:4 http://archive.ubuntu.com/ubuntu/ utopic/main libgcrypt20 amd64 1.6.1-2ubuntu1 [329 kB]
Get:5 http://archive.ubuntu.com/ubuntu/ utopic-updates/main libkrb5support0 amd64 1.12.1+dfsg-10ubuntu0.1 [31.2 kB]
Get:6 http://archive.ubuntu.com/ubuntu/ utopic-updates/main libk5crypto3 amd64 1.12.1+dfsg-10ubuntu0.1 [82.5 kB]
Get:7 http://archive.ubuntu.com/ubuntu/ utopic/main libkeyutils1 amd64 1.5.9-5ubuntu1 [9636 B]
Get:8 http://archive.ubuntu.com/ubuntu/ utopic-updates/main libkrb5-3 amd64 1.12.1+dfsg-10ubuntu0.1 [269 kB]
Get:9 http://archive.ubuntu.com/ubuntu/ utopic-updates/main libgssapi-krb5-2 amd64 1.12.1+dfsg-10ubuntu0.1 [119 kB]
Get:10 http://archive.ubuntu.com/ubuntu/ utopic/main libhcrypto4-heimdal amd64 1.6~rc2+dfsg-8 [84.4 kB]
Get:11 http://archive.ubuntu.com/ubuntu/ utopic/main libheimbase1-heimdal amd64 1.6~rc2+dfsg-8 [29.2 kB]
Get:12 http://archive.ubuntu.com/ubuntu/ utopic/main libwind0-heimdal amd64 1.6~rc2+dfsg-8 [47.8 kB]
Get:13 http://archive.ubuntu.com/ubuntu/ utopic/main libhx509-5-heimdal amd64 1.6~rc2+dfsg-8 [104 kB]
Get:14 http://archive.ubuntu.com/ubuntu/ utopic/main libkrb5-26-heimdal amd64 1.6~rc2+dfsg-8 [198 kB]
Get:15 http://archive.ubuntu.com/ubuntu/ utopic/main libheimntlm0-heimdal amd64 1.6~rc2+dfsg-8 [15.3 kB]
Get:16 http://archive.ubuntu.com/ubuntu/ utopic/main libgssapi3-heimdal amd64 1.6~rc2+dfsg-8 [90.4 kB]
Get:17 http://archive.ubuntu.com/ubuntu/ utopic/main libidn11 amd64 1.28-1ubuntu2 [93.0 kB]
Get:18 http://archive.ubuntu.com/ubuntu/ utopic/main libsasl2-modules-db amd64 2.1.26.dfsg1-11 [14.2 kB]
Get:19 http://archive.ubuntu.com/ubuntu/ utopic/main libsasl2-2 amd64 2.1.26.dfsg1-11 [48.9 kB]
Get:20 http://archive.ubuntu.com/ubuntu/ utopic/main libldap-2.4-2 amd64 2.4.31-1+nmu2ubuntu11 [154 kB]
Get:21 http://archive.ubuntu.com/ubuntu/ utopic/main libwrap0 amd64 7.6.q-25 [46.2 kB]
Get:22 http://archive.ubuntu.com/ubuntu/ utopic/main libxau6 amd64 1:1.0.8-1 [8376 B]
Get:23 http://archive.ubuntu.com/ubuntu/ utopic/main libxdmcp6 amd64 1:1.1.1-1build1 [11.0 kB]
Get:24 http://archive.ubuntu.com/ubuntu/ utopic/main libxcb1 amd64 1.10-2ubuntu1 [38.0 kB]
Get:25 http://archive.ubuntu.com/ubuntu/ utopic/main libx11-data all 2:1.6.2-2ubuntu2 [112 kB]
Get:26 http://archive.ubuntu.com/ubuntu/ utopic/main libx11-6 amd64 2:1.6.2-2ubuntu2 [571 kB]
Get:27 http://archive.ubuntu.com/ubuntu/ utopic/main libxext6 amd64 2:1.3.2-1 [33.9 kB]
Get:28 http://archive.ubuntu.com/ubuntu/ utopic/main libxml2 amd64 2.9.1+dfsg1-4ubuntu1 [580 kB]
Get:29 http://archive.ubuntu.com/ubuntu/ utopic/main libxmuu1 amd64 2:1.1.2-1 [9770 B]
Get:30 http://archive.ubuntu.com/ubuntu/ utopic/main sgml-base all 1.26+nmu4ubuntu1 [12.5 kB]
Get:31 http://archive.ubuntu.com/ubuntu/ utopic/main libapr1 amd64 1.5.1-2 [85.7 kB]
Get:32 http://archive.ubuntu.com/ubuntu/ utopic/main libaprutil1 amd64 1.5.3-2 [76.8 kB]
Get:33 http://archive.ubuntu.com/ubuntu/ utopic/main libck-connector0 amd64 0.4.6-5 [8784 B]
Get:34 http://archive.ubuntu.com/ubuntu/ utopic/main libgpm2 amd64 1.20.4-6.1 [16.5 kB]
Get:35 http://archive.ubuntu.com/ubuntu/ utopic/main liblua5.1-0 amd64 5.1.5-5ubuntu1 [102 kB]
Get:36 http://archive.ubuntu.com/ubuntu/ utopic/main libpython2.7-minimal amd64 2.7.8-10ubuntu1 [333 kB]
Get:37 http://archive.ubuntu.com/ubuntu/ utopic/main libpython2.7-stdlib amd64 2.7.8-10ubuntu1 [1839 kB]
Get:38 http://archive.ubuntu.com/ubuntu/ utopic/main libpython2.7 amd64 2.7.8-10ubuntu1 [1080 kB]
Get:39 http://archive.ubuntu.com/ubuntu/ utopic/main psmisc amd64 22.21-2 [46.4 kB]
Get:40 http://archive.ubuntu.com/ubuntu/ utopic/main lsof amd64 4.86+dfsg-1ubuntu2 [257 kB]
Get:41 http://archive.ubuntu.com/ubuntu/ utopic-updates/main php5-common amd64 5.5.12+dfsg-2ubuntu4.2 [442 kB]
Get:42 http://archive.ubuntu.com/ubuntu/ utopic/main php5-json amd64 1.3.6-1 [18.4 kB]
Get:43 http://archive.ubuntu.com/ubuntu/ utopic-updates/main php5-cli amd64 5.5.12+dfsg-2ubuntu4.2 [2208 kB]
Get:44 http://archive.ubuntu.com/ubuntu/ utopic-updates/main php5-readline amd64 5.5.12+dfsg-2ubuntu4.2 [12.5 kB]
Get:45 http://archive.ubuntu.com/ubuntu/ utopic/main python2.7-minimal amd64 2.7.8-10ubuntu1 [1356 kB]
Get:46 http://archive.ubuntu.com/ubuntu/ utopic-updates/main openssl amd64 1.0.1f-1ubuntu9.1 [492 kB]
Get:47 http://archive.ubuntu.com/ubuntu/ utopic-updates/main ca-certificates all 20141019ubuntu0.14.10.1 [191 kB]
Get:48 http://archive.ubuntu.com/ubuntu/ utopic-updates/main krb5-locales all 1.12.1+dfsg-10ubuntu0.1 [13.4 kB]
Get:49 http://archive.ubuntu.com/ubuntu/ utopic/main libsasl2-modules amd64 2.1.26.dfsg1-11 [47.2 kB]
Get:50 http://archive.ubuntu.com/ubuntu/ utopic/main nano amd64 2.2.6-3 [173 kB]
Get:51 http://archive.ubuntu.com/ubuntu/ utopic/main openssh-client amd64 1:6.6p1-8 [573 kB]
Get:52 http://archive.ubuntu.com/ubuntu/ utopic/main tcpd amd64 7.6.q-25 [23.0 kB]
Get:53 http://archive.ubuntu.com/ubuntu/ utopic-updates/main wget amd64 1.15-1ubuntu1.14.10.1 [273 kB]
Get:54 http://archive.ubuntu.com/ubuntu/ utopic/main xauth amd64 1:1.0.7-1ubuntu1 [25.8 kB]
Get:55 http://archive.ubuntu.com/ubuntu/ utopic/main xml-core all 0.13+nmu2 [23.3 kB]
Get:56 http://archive.ubuntu.com/ubuntu/ utopic/main libaprutil1-dbd-sqlite3 amd64 1.5.3-2 [10.6 kB]
Get:57 http://archive.ubuntu.com/ubuntu/ utopic/main libaprutil1-ldap amd64 1.5.3-2 [8734 B]
Get:58 http://archive.ubuntu.com/ubuntu/ utopic/main apache2-bin amd64 2.4.10-1ubuntu1 [878 kB]
Get:59 http://archive.ubuntu.com/ubuntu/ utopic/main apache2-data all 2.4.10-1ubuntu1 [160 kB]
Get:60 http://archive.ubuntu.com/ubuntu/ utopic/main apache2 amd64 2.4.10-1ubuntu1 [89.0 kB]
Get:61 http://archive.ubuntu.com/ubuntu/ utopic-updates/main libapache2-mod-php5 amd64 5.5.12+dfsg-2ubuntu4.2 [2252 kB]
Get:62 http://archive.ubuntu.com/ubuntu/ utopic/main libpython-stdlib amd64 2.7.8-1 [7692 B]
Get:63 http://archive.ubuntu.com/ubuntu/ utopic/main ncurses-term all 5.9+20140712-2ubuntu1 [248 kB]
Get:64 http://archive.ubuntu.com/ubuntu/ utopic/main openssh-sftp-server amd64 1:6.6p1-8 [34.3 kB]
Get:65 http://archive.ubuntu.com/ubuntu/ utopic/main openssh-server amd64 1:6.6p1-8 [326 kB]
Get:66 http://archive.ubuntu.com/ubuntu/ utopic/main python2.7 amd64 2.7.8-10ubuntu1 [204 kB]
Get:67 http://archive.ubuntu.com/ubuntu/ utopic/main python-minimal amd64 2.7.8-1 [28.1 kB]
Get:68 http://archive.ubuntu.com/ubuntu/ utopic/main python amd64 2.7.8-1 [137 kB]
Get:69 http://archive.ubuntu.com/ubuntu/ utopic/main python-pkg-resources all 5.5.1-1 [61.8 kB]
Get:70 http://archive.ubuntu.com/ubuntu/ utopic/main python-chardet all 2.2.1-2 [96.3 kB]
Get:71 http://archive.ubuntu.com/ubuntu/ utopic/main python-six all 1.7.3-2 [9956 B]
Get:72 http://archive.ubuntu.com/ubuntu/ utopic/main python-urllib3 all 1.8.3-1 [43.9 kB]
Get:73 http://archive.ubuntu.com/ubuntu/ utopic/main python-requests all 2.3.0-1 [191 kB]
Get:74 http://archive.ubuntu.com/ubuntu/ utopic/main ssl-cert all 1.0.34 [17.6 kB]
Get:75 http://archive.ubuntu.com/ubuntu/ utopic/main vim-runtime all 2:7.4.273-2ubuntu4 [4930 kB]
Get:76 http://archive.ubuntu.com/ubuntu/ utopic/main vim amd64 2:7.4.273-2ubuntu4 [976 kB]
Get:77 http://archive.ubuntu.com/ubuntu/ utopic/main vim amd64 2:7.4.273-2ubuntu4 [976 kB]
Get:78 http://archive.ubuntu.com/ubuntu/ utopic/universe python-meld3 amd64 1.0.0-1 [30.8 kB]
Get:79 http://archive.ubuntu.com/ubuntu/ utopic/main ssh-import-id all 3.21-0ubuntu1 [9624 B]
Get:80 http://archive.ubuntu.com/ubuntu/ utopic/universe supervisor all 3.0r1-1 [244 kB]
[91mdebconf: unable to initialize frontend: Dialog
debconf: (TERM is not set, so the dialog frontend is not usable.)
debconf: falling back to frontend: Readline
[0m[91mdebconf: unable to initialize frontend: Readline
debconf: (This frontend requires a controlling tty.)
debconf: falling back to frontend: Teletype
[0m[91mdpkg-preconfigure: unable to re-open stdin: 
[0mFetched 23.9 MB in 4min 28s (89.1 kB/s)
Selecting previously unselected package libroken18-heimdal:amd64.
(Reading database ... 11036 files and directories currently installed.)
Preparing to unpack .../libroken18-heimdal_1.6~rc2+dfsg-8_amd64.deb ...
Unpacking libroken18-heimdal:amd64 (1.6~rc2+dfsg-8) ...
Selecting previously unselected package libasn1-8-heimdal:amd64.
Preparing to unpack .../libasn1-8-heimdal_1.6~rc2+dfsg-8_amd64.deb ...
Unpacking libasn1-8-heimdal:amd64 (1.6~rc2+dfsg-8) ...
Selecting previously unselected package libedit2:amd64.
Preparing to unpack .../libedit2_3.1-20140620-1_amd64.deb ...
Unpacking libedit2:amd64 (3.1-20140620-1) ...
Selecting previously unselected package libgcrypt20:amd64.
Preparing to unpack .../libgcrypt20_1.6.1-2ubuntu1_amd64.deb ...
Unpacking libgcrypt20:amd64 (1.6.1-2ubuntu1) ...
Selecting previously unselected package libkrb5support0:amd64.
Preparing to unpack .../libkrb5support0_1.12.1+dfsg-10ubuntu0.1_amd64.deb ...
Unpacking libkrb5support0:amd64 (1.12.1+dfsg-10ubuntu0.1) ...
Selecting previously unselected package libk5crypto3:amd64.
Preparing to unpack .../libk5crypto3_1.12.1+dfsg-10ubuntu0.1_amd64.deb ...
Unpacking libk5crypto3:amd64 (1.12.1+dfsg-10ubuntu0.1) ...
Selecting previously unselected package libkeyutils1:amd64.
Preparing to unpack .../libkeyutils1_1.5.9-5ubuntu1_amd64.deb ...
Unpacking libkeyutils1:amd64 (1.5.9-5ubuntu1) ...
Selecting previously unselected package libkrb5-3:amd64.
Preparing to unpack .../libkrb5-3_1.12.1+dfsg-10ubuntu0.1_amd64.deb ...
Unpacking libkrb5-3:amd64 (1.12.1+dfsg-10ubuntu0.1) ...
Selecting previously unselected package libgssapi-krb5-2:amd64.
Preparing to unpack .../libgssapi-krb5-2_1.12.1+dfsg-10ubuntu0.1_amd64.deb ...
Unpacking libgssapi-krb5-2:amd64 (1.12.1+dfsg-10ubuntu0.1) ...
Selecting previously unselected package libhcrypto4-heimdal:amd64.
Preparing to unpack .../libhcrypto4-heimdal_1.6~rc2+dfsg-8_amd64.deb ...
Unpacking libhcrypto4-heimdal:amd64 (1.6~rc2+dfsg-8) ...
Selecting previously unselected package libheimbase1-heimdal:amd64.
Preparing to unpack .../libheimbase1-heimdal_1.6~rc2+dfsg-8_amd64.deb ...
Unpacking libheimbase1-heimdal:amd64 (1.6~rc2+dfsg-8) ...
Selecting previously unselected package libwind0-heimdal:amd64.
Preparing to unpack .../libwind0-heimdal_1.6~rc2+dfsg-8_amd64.deb ...
Unpacking libwind0-heimdal:amd64 (1.6~rc2+dfsg-8) ...
Selecting previously unselected package libhx509-5-heimdal:amd64.
Preparing to unpack .../libhx509-5-heimdal_1.6~rc2+dfsg-8_amd64.deb ...
Unpacking libhx509-5-heimdal:amd64 (1.6~rc2+dfsg-8) ...
Selecting previously unselected package libkrb5-26-heimdal:amd64.
Preparing to unpack .../libkrb5-26-heimdal_1.6~rc2+dfsg-8_amd64.deb ...
Unpacking libkrb5-26-heimdal:amd64 (1.6~rc2+dfsg-8) ...
Selecting previously unselected package libheimntlm0-heimdal:amd64.
Preparing to unpack .../libheimntlm0-heimdal_1.6~rc2+dfsg-8_amd64.deb ...
Unpacking libheimntlm0-heimdal:amd64 (1.6~rc2+dfsg-8) ...
Selecting previously unselected package libgssapi3-heimdal:amd64.
Preparing to unpack .../libgssapi3-heimdal_1.6~rc2+dfsg-8_amd64.deb ...
Unpacking libgssapi3-heimdal:amd64 (1.6~rc2+dfsg-8) ...
Selecting previously unselected package libidn11:amd64.
Preparing to unpack .../libidn11_1.28-1ubuntu2_amd64.deb ...
Unpacking libidn11:amd64 (1.28-1ubuntu2) ...
Selecting previously unselected package libsasl2-modules-db:amd64.
Preparing to unpack .../libsasl2-modules-db_2.1.26.dfsg1-11_amd64.deb ...
Unpacking libsasl2-modules-db:amd64 (2.1.26.dfsg1-11) ...
Selecting previously unselected package libsasl2-2:amd64.
Preparing to unpack .../libsasl2-2_2.1.26.dfsg1-11_amd64.deb ...
Unpacking libsasl2-2:amd64 (2.1.26.dfsg1-11) ...
Selecting previously unselected package libldap-2.4-2:amd64.
Preparing to unpack .../libldap-2.4-2_2.4.31-1+nmu2ubuntu11_amd64.deb ...
Unpacking libldap-2.4-2:amd64 (2.4.31-1+nmu2ubuntu11) ...
Selecting previously unselected package libwrap0:amd64.
Preparing to unpack .../libwrap0_7.6.q-25_amd64.deb ...
Unpacking libwrap0:amd64 (7.6.q-25) ...
Selecting previously unselected package libxau6:amd64.
Preparing to unpack .../libxau6_1%3a1.0.8-1_amd64.deb ...
Unpacking libxau6:amd64 (1:1.0.8-1) ...
Selecting previously unselected package libxdmcp6:amd64.
Preparing to unpack .../libxdmcp6_1%3a1.1.1-1build1_amd64.deb ...
Unpacking libxdmcp6:amd64 (1:1.1.1-1build1) ...
Selecting previously unselected package libxcb1:amd64.
Preparing to unpack .../libxcb1_1.10-2ubuntu1_amd64.deb ...
Unpacking libxcb1:amd64 (1.10-2ubuntu1) ...
Selecting previously unselected package libx11-data.
Preparing to unpack .../libx11-data_2%3a1.6.2-2ubuntu2_all.deb ...
Unpacking libx11-data (2:1.6.2-2ubuntu2) ...
Selecting previously unselected package libx11-6:amd64.
Preparing to unpack .../libx11-6_2%3a1.6.2-2ubuntu2_amd64.deb ...
Unpacking libx11-6:amd64 (2:1.6.2-2ubuntu2) ...
Selecting previously unselected package libxext6:amd64.
Preparing to unpack .../libxext6_2%3a1.3.2-1_amd64.deb ...
Unpacking libxext6:amd64 (2:1.3.2-1) ...
Selecting previously unselected package libxml2:amd64.
Preparing to unpack .../libxml2_2.9.1+dfsg1-4ubuntu1_amd64.deb ...
Unpacking libxml2:amd64 (2.9.1+dfsg1-4ubuntu1) ...
Selecting previously unselected package libxmuu1:amd64.
Preparing to unpack .../libxmuu1_2%3a1.1.2-1_amd64.deb ...
Unpacking libxmuu1:amd64 (2:1.1.2-1) ...
Selecting previously unselected package sgml-base.
Preparing to unpack .../sgml-base_1.26+nmu4ubuntu1_all.deb ...
Unpacking sgml-base (1.26+nmu4ubuntu1) ...
Selecting previously unselected package libapr1:amd64.
Preparing to unpack .../libapr1_1.5.1-2_amd64.deb ...
Unpacking libapr1:amd64 (1.5.1-2) ...
Selecting previously unselected package libaprutil1:amd64.
Preparing to unpack .../libaprutil1_1.5.3-2_amd64.deb ...
Unpacking libaprutil1:amd64 (1.5.3-2) ...
Selecting previously unselected package libck-connector0:amd64.
Preparing to unpack .../libck-connector0_0.4.6-5_amd64.deb ...
Unpacking libck-connector0:amd64 (0.4.6-5) ...
Selecting previously unselected package libgpm2:amd64.
Preparing to unpack .../libgpm2_1.20.4-6.1_amd64.deb ...
Unpacking libgpm2:amd64 (1.20.4-6.1) ...
Selecting previously unselected package liblua5.1-0:amd64.
Preparing to unpack .../liblua5.1-0_5.1.5-5ubuntu1_amd64.deb ...
Unpacking liblua5.1-0:amd64 (5.1.5-5ubuntu1) ...
Selecting previously unselected package libpython2.7-minimal:amd64.
Preparing to unpack .../libpython2.7-minimal_2.7.8-10ubuntu1_amd64.deb ...
Unpacking libpython2.7-minimal:amd64 (2.7.8-10ubuntu1) ...
Selecting previously unselected package libpython2.7-stdlib:amd64.
Preparing to unpack .../libpython2.7-stdlib_2.7.8-10ubuntu1_amd64.deb ...
Unpacking libpython2.7-stdlib:amd64 (2.7.8-10ubuntu1) ...
Selecting previously unselected package libpython2.7:amd64.
Preparing to unpack .../libpython2.7_2.7.8-10ubuntu1_amd64.deb ...
Unpacking libpython2.7:amd64 (2.7.8-10ubuntu1) ...
Selecting previously unselected package psmisc.
Preparing to unpack .../psmisc_22.21-2_amd64.deb ...
Unpacking psmisc (22.21-2) ...
Selecting previously unselected package lsof.
Preparing to unpack .../lsof_4.86+dfsg-1ubuntu2_amd64.deb ...
Unpacking lsof (4.86+dfsg-1ubuntu2) ...
Selecting previously unselected package php5-common.
Preparing to unpack .../php5-common_5.5.12+dfsg-2ubuntu4.2_amd64.deb ...
Unpacking php5-common (5.5.12+dfsg-2ubuntu4.2) ...
Selecting previously unselected package php5-json.
Preparing to unpack .../php5-json_1.3.6-1_amd64.deb ...
Unpacking php5-json (1.3.6-1) ...
Selecting previously unselected package php5-cli.
Preparing to unpack .../php5-cli_5.5.12+dfsg-2ubuntu4.2_amd64.deb ...
Unpacking php5-cli (5.5.12+dfsg-2ubuntu4.2) ...
Selecting previously unselected package php5-readline.
Preparing to unpack .../php5-readline_5.5.12+dfsg-2ubuntu4.2_amd64.deb ...
Unpacking php5-readline (5.5.12+dfsg-2ubuntu4.2) ...
Selecting previously unselected package python2.7-minimal.
Preparing to unpack .../python2.7-minimal_2.7.8-10ubuntu1_amd64.deb ...
Unpacking python2.7-minimal (2.7.8-10ubuntu1) ...
Selecting previously unselected package openssl.
Preparing to unpack .../openssl_1.0.1f-1ubuntu9.1_amd64.deb ...
Unpacking openssl (1.0.1f-1ubuntu9.1) ...
Selecting previously unselected package ca-certificates.
Preparing to unpack .../ca-certificates_20141019ubuntu0.14.10.1_all.deb ...
Unpacking ca-certificates (20141019ubuntu0.14.10.1) ...
Selecting previously unselected package krb5-locales.
Preparing to unpack .../krb5-locales_1.12.1+dfsg-10ubuntu0.1_all.deb ...
Unpacking krb5-locales (1.12.1+dfsg-10ubuntu0.1) ...
Selecting previously unselected package libsasl2-modules:amd64.
Preparing to unpack .../libsasl2-modules_2.1.26.dfsg1-11_amd64.deb ...
Unpacking libsasl2-modules:amd64 (2.1.26.dfsg1-11) ...
Selecting previously unselected package nano.
Preparing to unpack .../nano_2.2.6-3_amd64.deb ...
Unpacking nano (2.2.6-3) ...
Selecting previously unselected package openssh-client.
Preparing to unpack .../openssh-client_1%3a6.6p1-8_amd64.deb ...
Unpacking openssh-client (1:6.6p1-8) ...
Selecting previously unselected package tcpd.
Preparing to unpack .../tcpd_7.6.q-25_amd64.deb ...
Unpacking tcpd (7.6.q-25) ...
Selecting previously unselected package wget.
Preparing to unpack .../wget_1.15-1ubuntu1.14.10.1_amd64.deb ...
Unpacking wget (1.15-1ubuntu1.14.10.1) ...
Selecting previously unselected package xauth.
Preparing to unpack .../xauth_1%3a1.0.7-1ubuntu1_amd64.deb ...
Unpacking xauth (1:1.0.7-1ubuntu1) ...
Selecting previously unselected package xml-core.
Preparing to unpack .../xml-core_0.13+nmu2_all.deb ...
Unpacking xml-core (0.13+nmu2) ...
Selecting previously unselected package libaprutil1-dbd-sqlite3:amd64.
Preparing to unpack .../libaprutil1-dbd-sqlite3_1.5.3-2_amd64.deb ...
Unpacking libaprutil1-dbd-sqlite3:amd64 (1.5.3-2) ...
Selecting previously unselected package libaprutil1-ldap:amd64.
Preparing to unpack .../libaprutil1-ldap_1.5.3-2_amd64.deb ...
Unpacking libaprutil1-ldap:amd64 (1.5.3-2) ...
Selecting previously unselected package apache2-bin.
Preparing to unpack .../apache2-bin_2.4.10-1ubuntu1_amd64.deb ...
Unpacking apache2-bin (2.4.10-1ubuntu1) ...
Selecting previously unselected package apache2-data.
Preparing to unpack .../apache2-data_2.4.10-1ubuntu1_all.deb ...
Unpacking apache2-data (2.4.10-1ubuntu1) ...
Selecting previously unselected package apache2.
Preparing to unpack .../apache2_2.4.10-1ubuntu1_amd64.deb ...
Unpacking apache2 (2.4.10-1ubuntu1) ...
Selecting previously unselected package libapache2-mod-php5.
Preparing to unpack .../libapache2-mod-php5_5.5.12+dfsg-2ubuntu4.2_amd64.deb ...
Unpacking libapache2-mod-php5 (5.5.12+dfsg-2ubuntu4.2) ...
Selecting previously unselected package libpython-stdlib:amd64.
Preparing to unpack .../libpython-stdlib_2.7.8-1_amd64.deb ...
Unpacking libpython-stdlib:amd64 (2.7.8-1) ...
Selecting previously unselected package ncurses-term.
Preparing to unpack .../ncurses-term_5.9+20140712-2ubuntu1_all.deb ...
Unpacking ncurses-term (5.9+20140712-2ubuntu1) ...
Selecting previously unselected package openssh-sftp-server.
Preparing to unpack .../openssh-sftp-server_1%3a6.6p1-8_amd64.deb ...
Unpacking openssh-sftp-server (1:6.6p1-8) ...
Selecting previously unselected package openssh-server.
Preparing to unpack .../openssh-server_1%3a6.6p1-8_amd64.deb ...
Unpacking openssh-server (1:6.6p1-8) ...
Selecting previously unselected package python2.7.
Preparing to unpack .../python2.7_2.7.8-10ubuntu1_amd64.deb ...
Unpacking python2.7 (2.7.8-10ubuntu1) ...
Selecting previously unselected package python-minimal.
Preparing to unpack .../python-minimal_2.7.8-1_amd64.deb ...
Unpacking python-minimal (2.7.8-1) ...
Selecting previously unselected package python.
Preparing to unpack .../python_2.7.8-1_amd64.deb ...
Unpacking python (2.7.8-1) ...
Selecting previously unselected package python-pkg-resources.
Preparing to unpack .../python-pkg-resources_5.5.1-1_all.deb ...
Unpacking python-pkg-resources (5.5.1-1) ...
Selecting previously unselected package python-chardet.
Preparing to unpack .../python-chardet_2.2.1-2_all.deb ...
Unpacking python-chardet (2.2.1-2) ...
Selecting previously unselected package python-six.
Preparing to unpack .../python-six_1.7.3-2_all.deb ...
Unpacking python-six (1.7.3-2) ...
Selecting previously unselected package python-urllib3.
Preparing to unpack .../python-urllib3_1.8.3-1_all.deb ...
Unpacking python-urllib3 (1.8.3-1) ...
Selecting previously unselected package python-requests.
Preparing to unpack .../python-requests_2.3.0-1_all.deb ...
Unpacking python-requests (2.3.0-1) ...
Selecting previously unselected package ssl-cert.
Preparing to unpack .../ssl-cert_1.0.34_all.deb ...
Unpacking ssl-cert (1.0.34) ...
Selecting previously unselected package vim-runtime.
Preparing to unpack .../vim-runtime_2%3a7.4.273-2ubuntu4_all.deb ...
Adding 'diversion of /usr/share/vim/vim74/doc/help.txt to /usr/share/vim/vim74/doc/help.txt.vim-tiny by vim-runtime'
Adding 'diversion of /usr/share/vim/vim74/doc/tags to /usr/share/vim/vim74/doc/tags.vim-tiny by vim-runtime'
Unpacking vim-runtime (2:7.4.273-2ubuntu4) ...
Selecting previously unselected package vim.
Preparing to unpack .../vim_2%3a7.4.273-2ubuntu4_amd64.deb ...
Unpacking vim (2:7.4.273-2ubuntu4) ...
Selecting previously unselected package python-meld3.
Preparing to unpack .../python-meld3_1.0.0-1_amd64.deb ...
Unpacking python-meld3 (1.0.0-1) ...
Selecting previously unselected package ssh-import-id.
Preparing to unpack .../ssh-import-id_3.21-0ubuntu1_all.deb ...
Unpacking ssh-import-id (3.21-0ubuntu1) ...
Selecting previously unselected package supervisor.
Preparing to unpack .../supervisor_3.0r1-1_all.deb ...
Unpacking supervisor (3.0r1-1) ...
Processing triggers for ureadahead (0.100.0-16) ...
Processing triggers for mime-support (3.55ubuntu1.1) ...
Setting up libroken18-heimdal:amd64 (1.6~rc2+dfsg-8) ...
Setting up libasn1-8-heimdal:amd64 (1.6~rc2+dfsg-8) ...
Setting up libedit2:amd64 (3.1-20140620-1) ...
Setting up libgcrypt20:amd64 (1.6.1-2ubuntu1) ...
Setting up libkrb5support0:amd64 (1.12.1+dfsg-10ubuntu0.1) ...
Setting up libk5crypto3:amd64 (1.12.1+dfsg-10ubuntu0.1) ...
Setting up libkeyutils1:amd64 (1.5.9-5ubuntu1) ...
Setting up libkrb5-3:amd64 (1.12.1+dfsg-10ubuntu0.1) ...
Setting up libgssapi-krb5-2:amd64 (1.12.1+dfsg-10ubuntu0.1) ...
Setting up libhcrypto4-heimdal:amd64 (1.6~rc2+dfsg-8) ...
Setting up libheimbase1-heimdal:amd64 (1.6~rc2+dfsg-8) ...
Setting up libwind0-heimdal:amd64 (1.6~rc2+dfsg-8) ...
Setting up libhx509-5-heimdal:amd64 (1.6~rc2+dfsg-8) ...
Setting up libkrb5-26-heimdal:amd64 (1.6~rc2+dfsg-8) ...
Setting up libheimntlm0-heimdal:amd64 (1.6~rc2+dfsg-8) ...
Setting up libgssapi3-heimdal:amd64 (1.6~rc2+dfsg-8) ...
Setting up libidn11:amd64 (1.28-1ubuntu2) ...
Setting up libsasl2-modules-db:amd64 (2.1.26.dfsg1-11) ...
Setting up libsasl2-2:amd64 (2.1.26.dfsg1-11) ...
Setting up libldap-2.4-2:amd64 (2.4.31-1+nmu2ubuntu11) ...
Setting up libwrap0:amd64 (7.6.q-25) ...
Setting up libxau6:amd64 (1:1.0.8-1) ...
Setting up libxdmcp6:amd64 (1:1.1.1-1build1) ...
Setting up libxcb1:amd64 (1.10-2ubuntu1) ...
Setting up libx11-data (2:1.6.2-2ubuntu2) ...
Setting up libx11-6:amd64 (2:1.6.2-2ubuntu2) ...
Setting up libxext6:amd64 (2:1.3.2-1) ...
Setting up libxml2:amd64 (2.9.1+dfsg1-4ubuntu1) ...
Setting up libxmuu1:amd64 (2:1.1.2-1) ...
Setting up sgml-base (1.26+nmu4ubuntu1) ...
Setting up libapr1:amd64 (1.5.1-2) ...
Setting up libaprutil1:amd64 (1.5.3-2) ...
Setting up libck-connector0:amd64 (0.4.6-5) ...
Setting up libgpm2:amd64 (1.20.4-6.1) ...
Setting up liblua5.1-0:amd64 (5.1.5-5ubuntu1) ...
Setting up libpython2.7-minimal:amd64 (2.7.8-10ubuntu1) ...
Setting up libpython2.7-stdlib:amd64 (2.7.8-10ubuntu1) ...
Setting up libpython2.7:amd64 (2.7.8-10ubuntu1) ...
Setting up psmisc (22.21-2) ...
Setting up lsof (4.86+dfsg-1ubuntu2) ...
Setting up php5-common (5.5.12+dfsg-2ubuntu4.2) ...
[91mdebconf: unable to initialize frontend: Dialog
debconf: (TERM is not set, so the dialog frontend is not usable.)
debconf: falling back to frontend: Readline
[0m[91mdebconf: unable to initialize frontend: Readline
[0m[91mdebconf: (This frontend requires a controlling tty.)
debconf: falling back to frontend: Teletype
[0m[91m
[0m[91mCreating config file /etc/php5/mods-available/pdo.ini with new version
[0m[91mphp5_invoke: Enable module pdo for apache2 SAPI
[0m[91mphp5_invoke: Enable module pdo for cli SAPI
[0m[91mdebconf: unable to initialize frontend: Dialog
debconf: (TERM is not set, so the dialog frontend is not usable.)
debconf: falling back to frontend: Readline
[0m[91mdebconf: unable to initialize frontend: Readline
debconf: (This frontend requires a controlling tty.)
debconf: falling back to frontend: Teletype
[0m[91m
Creating config file /etc/php5/mods-available/opcache.ini with new version
[0m[91mphp5_invoke: Enable module opcache for apache2 SAPI
[0m[91mphp5_invoke: Enable module opcache for cli SAPI
[0mSetting up php5-json (1.3.6-1) ...
[91mphp5_invoke: Enable module json for apache2 SAPI
[0m[91mphp5_invoke: Enable module json for cli SAPI
[0mSetting up php5-cli (5.5.12+dfsg-2ubuntu4.2) ...
update-alternatives: using /usr/bin/php5 to provide /usr/bin/php (php) in auto mode
[91mdebconf: unable to initialize frontend: Dialog
debconf: (TERM is not set, so the dialog frontend is not usable.)
debconf: falling back to frontend: Readline
[0m[91mdebconf: unable to initialize frontend: Readline
[0m[91mdebconf: (This frontend requires a controlling tty.)
debconf: falling back to frontend: Teletype
[0m[91m
Creating config file /etc/php5/cli/php.ini with new version
[0m[91mphp5_invoke json: already enabled for cli SAPI
[0m[91mphp5_invoke pdo: already enabled for cli SAPI
[0m[91mphp5_invoke opcache: already enabled for cli SAPI
[0mSetting up php5-readline (5.5.12+dfsg-2ubuntu4.2) ...
[91mdebconf: unable to initialize frontend: Dialog
debconf: (TERM is not set, so the dialog frontend is not usable.)
debconf: falling back to frontend: Readline
[0m[91mdebconf: unable to initialize frontend: Readline
debconf: (This frontend requires a controlling tty.)
debconf: falling back to frontend: Teletype
[0m[91m
Creating config file /etc/php5/mods-available/readline.ini with new version
[0m[91mphp5_invoke: Enable module readline for apache2 SAPI
[0m[91mphp5_invoke: Enable module readline for cli SAPI
[0mSetting up python2.7-minimal (2.7.8-10ubuntu1) ...
Linking and byte-compiling packages for runtime python2.7...
Setting up openssl (1.0.1f-1ubuntu9.1) ...
Setting up ca-certificates (20141019ubuntu0.14.10.1) ...
[91mdebconf: unable to initialize frontend: Dialog
debconf: (TERM is not set, so the dialog frontend is not usable.)
debconf: falling back to frontend: Readline
[0m[91mdebconf: unable to initialize frontend: Readline
debconf: (This frontend requires a controlling tty.)
debconf: falling back to frontend: Teletype
[0mSetting up krb5-locales (1.12.1+dfsg-10ubuntu0.1) ...
Setting up libsasl2-modules:amd64 (2.1.26.dfsg1-11) ...
Setting up nano (2.2.6-3) ...
update-alternatives: using /bin/nano to provide /usr/bin/editor (editor) in auto mode
update-alternatives: using /bin/nano to provide /usr/bin/pico (pico) in auto mode
Setting up openssh-client (1:6.6p1-8) ...
Setting up tcpd (7.6.q-25) ...
Setting up wget (1.15-1ubuntu1.14.10.1) ...
Setting up xauth (1:1.0.7-1ubuntu1) ...
Setting up xml-core (0.13+nmu2) ...
Setting up libaprutil1-dbd-sqlite3:amd64 (1.5.3-2) ...
Setting up libaprutil1-ldap:amd64 (1.5.3-2) ...
Setting up apache2-bin (2.4.10-1ubuntu1) ...
Setting up apache2-data (2.4.10-1ubuntu1) ...
Setting up apache2 (2.4.10-1ubuntu1) ...
Enabling module mpm_event.
Enabling module authz_core.
Enabling module authz_host.
Enabling module authn_core.
Enabling module auth_basic.
Enabling module access_compat.
Enabling module authn_file.
Enabling module authz_user.
Enabling module alias.
Enabling module dir.
Enabling module autoindex.
Enabling module env.
Enabling module mime.
Enabling module negotiation.
Enabling module setenvif.
Enabling module filter.
Enabling module deflate.
Enabling module status.
Enabling conf charset.
Enabling conf localized-error-pages.
Enabling conf other-vhosts-access-log.
Enabling conf security.
Enabling conf serve-cgi-bin.
Enabling site 000-default.
[91minvoke-rc.d: policy-rc.d denied execution of start.
[0mSetting up libpython-stdlib:amd64 (2.7.8-1) ...
Setting up ncurses-term (5.9+20140712-2ubuntu1) ...
Setting up openssh-sftp-server (1:6.6p1-8) ...
Setting up openssh-server (1:6.6p1-8) ...
[91mdebconf: unable to initialize frontend: Dialog
debconf: (TERM is not set, so the dialog frontend is not usable.)
debconf: falling back to frontend: Readline
[0m[91mdebconf: unable to initialize frontend: Readline
debconf: (This frontend requires a controlling tty.)
debconf: falling back to frontend: Teletype
[0m[91mCreating SSH2 RSA key; this may take some time ...[0m[91m
[0m[91m2048 32:66:64:8a:01:b1:db:1e:35:88:87:7c:1b:1c:dd:97  root@397b5fee5507 (RSA)
[0m[91mCreating SSH2 DSA key; this may take some time ...[0m[91m
[0m[91m1024 e8:3c:b0:bb:3d:57:c1:eb:a3:cc:81:73:bf:c2:eb:a0  root@397b5fee5507 (DSA)
[0m[91mCreating SSH2 ECDSA key; this may take some time ...[0m[91m
[0m[91m256 8f:37:b6:e1:0d:cf:98:b5:2a:ea:dc:fd:b5:d6:35:5c  root@397b5fee5507 (ECDSA)
[0m[91mCreating SSH2 ED25519 key; this may take some time ...[0m[91m
[0m[91m256 40:2d:35:35:07:7e:56:1a:6d:ab:cd:4c:62:86:31:8d  root@397b5fee5507 (ED25519)
[0m[91minvoke-rc.d: policy-rc.d denied execution of start.
[0mSetting up python2.7 (2.7.8-10ubuntu1) ...
Setting up python-minimal (2.7.8-1) ...
Setting up python (2.7.8-1) ...
Setting up python-pkg-resources (5.5.1-1) ...
Setting up python-chardet (2.2.1-2) ...
Setting up python-six (1.7.3-2) ...
Setting up python-urllib3 (1.8.3-1) ...
Setting up python-requests (2.3.0-1) ...
Setting up ssl-cert (1.0.34) ...
[91mdebconf: unable to initialize frontend: Dialog
debconf: (TERM is not set, so the dialog frontend is not usable.)
debconf: falling back to frontend: Readline
[0m[91mdebconf: unable to initialize frontend: Readline
debconf: (This frontend requires a controlling tty.)
debconf: falling back to frontend: Teletype
[0mSetting up vim-runtime (2:7.4.273-2ubuntu4) ...
Processing /usr/share/vim/addons/doc
Setting up vim (2:7.4.273-2ubuntu4) ...
update-alternatives: using /usr/bin/vim.basic to provide /usr/bin/vim (vim) in auto mode
update-alternatives: using /usr/bin/vim.basic to provide /usr/bin/vimdiff (vimdiff) in auto mode
update-alternatives: using /usr/bin/vim.basic to provide /usr/bin/rvim (rvim) in auto mode
update-alternatives: using /usr/bin/vim.basic to provide /usr/bin/rview (rview) in auto mode
update-alternatives: using /usr/bin/vim.basic to provide /usr/bin/vi (vi) in auto mode
update-alternatives: using /usr/bin/vim.basic to provide /usr/bin/view (view) in auto mode
update-alternatives: using /usr/bin/vim.basic to provide /usr/bin/ex (ex) in auto mode
Setting up python-meld3 (1.0.0-1) ...
Setting up ssh-import-id (3.21-0ubuntu1) ...
Setting up supervisor (3.0r1-1) ...
[91minvoke-rc.d: policy-rc.d denied execution of start.
[0mProcessing triggers for ureadahead (0.100.0-16) ...
Setting up libapache2-mod-php5 (5.5.12+dfsg-2ubuntu4.2) ...
[91mdebconf: unable to initialize frontend: Dialog
debconf: (TERM is not set, so the dialog frontend is not usable.)
debconf: falling back to frontend: Readline
[0m[91mdebconf: unable to initialize frontend: Readline
debconf: (This frontend requires a controlling tty.)
debconf: falling back to frontend: Teletype
[0m[91m
[0m[91mCreating config file /etc/php5/apache2/php.ini with new version
[0m[91mphp5_invoke json: already enabled for apache2 SAPI
[0m[91mphp5_invoke readline: already enabled for apache2 SAPI
[0m[91mphp5_invoke pdo: already enabled for apache2 SAPI
[0m[91mphp5_invoke opcache: already enabled for apache2 SAPI
[0mModule mpm_event disabled.
Enabling module mpm_prefork.
[91mapache2_switch_mpm Switch to prefork
[0m[91minvoke-rc.d: policy-rc.d denied execution of restart.
[0m[91mapache2_invoke: Enable module php5
[0m[91minvoke-rc.d: policy-rc.d denied execution of restart.
[0mProcessing triggers for libc-bin (2.19-10ubuntu2.2) ...
Processing triggers for ca-certificates (20141019ubuntu0.14.10.1) ...
Updating certificates in /etc/ssl/certs... 173 added, 0 removed; done.
Running hooks in /etc/ca-certificates/update.d....done.
Processing triggers for sgml-base (1.26+nmu4ubuntu1) ...
 ---> 10d01d7437b1
Removing intermediate container 13068862d7ee
Step 4 : RUN mkdir -p   /var/lock/apache2   /var/run/apache2   /var/run/sshd   /var/log/supervisor
 ---> Running in 0d116b01b2ad
 ---> c6f092ac84f9
Removing intermediate container 0d116b01b2ad
Step 5 : COPY supervisord.conf /etc/supervisor/conf.d/supervisord.conf
 ---> 0098ef45d3ff
Removing intermediate container b84b826f0c55
Step 6 : RUN adduser --gecos 'Student of "Using TLS"' --disabled-login student && adduser student sudo
 ---> Running in 9f7b5fec6647
Adding user `student' ...
Adding new group `student' (1000) ...
Adding new user `student' (1000) with group `student' ...
Creating home directory `/home/student' ...
Copying files from `/etc/skel' ...
Adding user `student' to group `sudo' ...
Adding user student to group sudo
Done.
 ---> ec3e505cde79
Removing intermediate container 9f7b5fec6647
Step 7 : CMD ["/usr/bin/supervisord", "-c", "/etc/supervisor/supervisord.conf"]
 ---> Running in 94b124ff2287
 ---> 917ac46ada51
Removing intermediate container 94b124ff2287
Successfully built 917ac46ada51
